<?xml version="1.0" encoding="UTF-8"?>
<!-- Generated by org.testng.reporters.JUnitReportReporter -->
<testsuite hostname="HSNMM-KhyatiS" name="com.ecomm.Test.FlipkartSearchTest" tests="1" failures="0" timestamp="23 Feb 2017 12:43:27 GMT" time="20.608" errors="0">
  <testcase name="searchTestPass" time="20.608" classname="com.ecomm.Test.FlipkartSearchTest"/>
</testsuite> <!-- com.ecomm.Test.FlipkartSearchTest -->
