<?xml version="1.0" encoding="UTF-8"?>
<!-- Generated by org.testng.reporters.JUnitReportReporter -->
<testsuite hostname="HSNMM-KhyatiS" name="com.ecomm.Test.FlipkartSearchTest" tests="1" failures="0" timestamp="21 Feb 2017 10:43:35 GMT" time="21.417" errors="0">
  <testcase name="searchTestPass" time="21.417" classname="com.ecomm.Test.FlipkartSearchTest"/>
</testsuite> <!-- com.ecomm.Test.FlipkartSearchTest -->
